CRITICAL - 2024-03-17 08:19:43 --> Invalid file: "admin.php"
in SYSTEMPATH\Exceptions\FrameworkException.php on line 33.
 1 SYSTEMPATH\View\View.php(212): CodeIgniter\Exceptions\FrameworkException::forInvalidFile('admin.php')
 2 SYSTEMPATH\Common.php(1176): CodeIgniter\View\View->render('admin', [], true)
 3 APPPATH\Views\template.php(106): view('admin')
 4 SYSTEMPATH\View\View.php(224): include('D:\\koss\\app\\Views\\template.php')
 5 SYSTEMPATH\View\View.php(227): CodeIgniter\View\View->CodeIgniter\View\{closure}()
 6 SYSTEMPATH\Common.php(1176): CodeIgniter\View\View->render('template', [], true)
 7 APPPATH\Controllers\Home.php(16): view('template', [...])
 8 SYSTEMPATH\CodeIgniter.php(932): App\Controllers\Home->index()
 9 SYSTEMPATH\CodeIgniter.php(497): CodeIgniter\CodeIgniter->runController(Object(App\Controllers\Home))
10 SYSTEMPATH\CodeIgniter.php(366): CodeIgniter\CodeIgniter->handleRequest(null, Object(Config\Cache), false)
11 FCPATH\index.php(67): CodeIgniter\CodeIgniter->run()
12 SYSTEMPATH\Commands\Server\rewrite.php(47): require_once('D:\\koss\\public\\index.php')
CRITICAL - 2024-03-17 09:43:27 --> Undefined variable $Data
in APPPATH\Views\template.php on line 95.
 1 APPPATH\Views\template.php(95): CodeIgniter\Debug\Exceptions->errorHandler(2, 'Undefined variable $Data', 'D:\\koss\\app\\Views\\template.php', 95)
 2 SYSTEMPATH\View\View.php(224): include('D:\\koss\\app\\Views\\template.php')
 3 SYSTEMPATH\View\View.php(227): CodeIgniter\View\View->CodeIgniter\View\{closure}()
 4 SYSTEMPATH\Common.php(1176): CodeIgniter\View\View->render('template', [], true)
 5 APPPATH\Controllers\User.php(18): view('template', [...])
 6 SYSTEMPATH\CodeIgniter.php(932): App\Controllers\User->index()
 7 SYSTEMPATH\CodeIgniter.php(497): CodeIgniter\CodeIgniter->runController(Object(App\Controllers\User))
 8 SYSTEMPATH\CodeIgniter.php(366): CodeIgniter\CodeIgniter->handleRequest(null, Object(Config\Cache), false)
 9 FCPATH\index.php(67): CodeIgniter\CodeIgniter->run()
10 SYSTEMPATH\Commands\Server\rewrite.php(47): require_once('D:\\koss\\public\\index.php')
CRITICAL - 2024-03-17 12:29:19 --> Undefined variable $user
in APPPATH\Views\user.php on line 30.
 1 APPPATH\Views\user.php(30): CodeIgniter\Debug\Exceptions->errorHandler(2, 'Undefined variable $user', 'D:\\koss\\app\\Views\\user.php', 30)
 2 SYSTEMPATH\View\View.php(224): include('D:\\koss\\app\\Views\\user.php')
 3 SYSTEMPATH\View\View.php(227): CodeIgniter\View\View->CodeIgniter\View\{closure}()
 4 SYSTEMPATH\Common.php(1176): CodeIgniter\View\View->render('user', [], true)
 5 APPPATH\Views\template.php(141): view('user')
 6 SYSTEMPATH\View\View.php(224): include('D:\\koss\\app\\Views\\template.php')
 7 SYSTEMPATH\View\View.php(227): CodeIgniter\View\View->CodeIgniter\View\{closure}()
 8 SYSTEMPATH\Common.php(1176): CodeIgniter\View\View->render('template', [], true)
 9 APPPATH\Controllers\User.php(24): view('template', [...])
10 SYSTEMPATH\CodeIgniter.php(932): App\Controllers\User->index()
11 SYSTEMPATH\CodeIgniter.php(497): CodeIgniter\CodeIgniter->runController(Object(App\Controllers\User))
12 SYSTEMPATH\CodeIgniter.php(366): CodeIgniter\CodeIgniter->handleRequest(null, Object(Config\Cache), false)
13 FCPATH\index.php(67): CodeIgniter\CodeIgniter->run()
14 SYSTEMPATH\Commands\Server\rewrite.php(47): require_once('D:\\koss\\public\\index.php')
