CRITICAL - 2024-03-28 11:19:27 --> Call to undefined function form_open()
in APPPATH\Views\user.php on line 74.
 1 SYSTEMPATH\View\View.php(224): include()
 2 SYSTEMPATH\View\View.php(227): CodeIgniter\View\View->CodeIgniter\View\{closure}()
 3 SYSTEMPATH\Common.php(1176): CodeIgniter\View\View->render('user', [], true)
 4 APPPATH\Views\template.php(153): view('user')
 5 SYSTEMPATH\View\View.php(224): include('C:\\Users\\US3R\\Documents\\koss\\app\\Views\\template.php')
 6 SYSTEMPATH\View\View.php(227): CodeIgniter\View\View->CodeIgniter\View\{closure}()
 7 SYSTEMPATH\Common.php(1176): CodeIgniter\View\View->render('template', [], true)
 8 APPPATH\Controllers\User.php(24): view('template', [...])
 9 SYSTEMPATH\CodeIgniter.php(932): App\Controllers\User->index()
10 SYSTEMPATH\CodeIgniter.php(497): CodeIgniter\CodeIgniter->runController(Object(App\Controllers\User))
11 SYSTEMPATH\CodeIgniter.php(366): CodeIgniter\CodeIgniter->handleRequest(null, Object(Config\Cache), false)
12 FCPATH\index.php(67): CodeIgniter\CodeIgniter->run()
13 SYSTEMPATH\Commands\Server\rewrite.php(47): require_once('C:\\Users\\US3R\\Documents\\koss\\public\\index.php')
CRITICAL - 2024-03-28 11:21:04 --> Call to undefined function form_open()
in APPPATH\Views\user.php on line 74.
 1 SYSTEMPATH\View\View.php(224): include()
 2 SYSTEMPATH\View\View.php(227): CodeIgniter\View\View->CodeIgniter\View\{closure}()
 3 SYSTEMPATH\Common.php(1176): CodeIgniter\View\View->render('user', [], true)
 4 APPPATH\Views\template.php(153): view('user')
 5 SYSTEMPATH\View\View.php(224): include('C:\\Users\\US3R\\Documents\\koss\\app\\Views\\template.php')
 6 SYSTEMPATH\View\View.php(227): CodeIgniter\View\View->CodeIgniter\View\{closure}()
 7 SYSTEMPATH\Common.php(1176): CodeIgniter\View\View->render('template', [], true)
 8 APPPATH\Controllers\User.php(24): view('template', [...])
 9 SYSTEMPATH\CodeIgniter.php(932): App\Controllers\User->index()
10 SYSTEMPATH\CodeIgniter.php(497): CodeIgniter\CodeIgniter->runController(Object(App\Controllers\User))
11 SYSTEMPATH\CodeIgniter.php(366): CodeIgniter\CodeIgniter->handleRequest(null, Object(Config\Cache), false)
12 FCPATH\index.php(67): CodeIgniter\CodeIgniter->run()
13 SYSTEMPATH\Commands\Server\rewrite.php(47): require_once('C:\\Users\\US3R\\Documents\\koss\\public\\index.php')
