ERROR - 2024-05-12 12:14:29 --> Error connecting to the database: mysqli_sql_exception: No connection could be made because the target machine actively refused it in C:\Users\US3R\Documents\the_kost\system\Database\MySQLi\Connection.php:173
Stack trace:
#0 C:\Users\US3R\Documents\the_kost\system\Database\MySQLi\Connection.php(173): mysqli->real_connect('localhost', 'root', Object(SensitiveParameterValue), 'the_kost', 3306, '', 0)
#1 C:\Users\US3R\Documents\the_kost\system\Database\BaseConnection.php(391): CodeIgniter\Database\MySQLi\Connection->connect(false)
#2 C:\Users\US3R\Documents\the_kost\system\Database\BaseConnection.php(574): CodeIgniter\Database\BaseConnection->initialize()
#3 C:\Users\US3R\Documents\the_kost\system\Database\BaseBuilder.php(1616): CodeIgniter\Database\BaseConnection->query('SELECT *\nFROM `...', Array, false)
#4 C:\Users\US3R\Documents\the_kost\app\Models\ModelKost.php(11): CodeIgniter\Database\BaseBuilder->get()
#5 C:\Users\US3R\Documents\the_kost\app\Controllers\Home.php(16): App\Models\ModelKost->data()
#6 C:\Users\US3R\Documents\the_kost\system\CodeIgniter.php(932): App\Controllers\Home->index()
#7 C:\Users\US3R\Documents\the_kost\system\CodeIgniter.php(497): CodeIgniter\CodeIgniter->runController(Object(App\Controllers\Home))
#8 C:\Users\US3R\Documents\the_kost\system\CodeIgniter.php(366): CodeIgniter\CodeIgniter->handleRequest(NULL, Object(Config\Cache), false)
#9 C:\Users\US3R\Documents\the_kost\public\index.php(67): CodeIgniter\CodeIgniter->run()
#10 C:\Users\US3R\Documents\the_kost\system\Commands\Server\rewrite.php(47): require_once('C:\\Users\\US3R\\D...')
#11 {main}

Next CodeIgniter\Database\Exceptions\DatabaseException: No connection could be made because the target machine actively refused it in C:\Users\US3R\Documents\the_kost\system\Database\MySQLi\Connection.php:218
Stack trace:
#0 C:\Users\US3R\Documents\the_kost\system\Database\BaseConnection.php(391): CodeIgniter\Database\MySQLi\Connection->connect(false)
#1 C:\Users\US3R\Documents\the_kost\system\Database\BaseConnection.php(574): CodeIgniter\Database\BaseConnection->initialize()
#2 C:\Users\US3R\Documents\the_kost\system\Database\BaseBuilder.php(1616): CodeIgniter\Database\BaseConnection->query('SELECT *\nFROM `...', Array, false)
#3 C:\Users\US3R\Documents\the_kost\app\Models\ModelKost.php(11): CodeIgniter\Database\BaseBuilder->get()
#4 C:\Users\US3R\Documents\the_kost\app\Controllers\Home.php(16): App\Models\ModelKost->data()
#5 C:\Users\US3R\Documents\the_kost\system\CodeIgniter.php(932): App\Controllers\Home->index()
#6 C:\Users\US3R\Documents\the_kost\system\CodeIgniter.php(497): CodeIgniter\CodeIgniter->runController(Object(App\Controllers\Home))
#7 C:\Users\US3R\Documents\the_kost\system\CodeIgniter.php(366): CodeIgniter\CodeIgniter->handleRequest(NULL, Object(Config\Cache), false)
#8 C:\Users\US3R\Documents\the_kost\public\index.php(67): CodeIgniter\CodeIgniter->run()
#9 C:\Users\US3R\Documents\the_kost\system\Commands\Server\rewrite.php(47): require_once('C:\\Users\\US3R\\D...')
#10 {main}
CRITICAL - 2024-05-12 12:14:29 --> Unable to connect to the database.
Main connection [MySQLi]: No connection could be made because the target machine actively refused it
in SYSTEMPATH\Database\BaseConnection.php on line 427.
 1 SYSTEMPATH\Database\BaseConnection.php(574): CodeIgniter\Database\BaseConnection->initialize()
 2 SYSTEMPATH\Database\BaseBuilder.php(1616): CodeIgniter\Database\BaseConnection->query('SELECT *
FROM `kost`', [], false)
 3 APPPATH\Models\ModelKost.php(11): CodeIgniter\Database\BaseBuilder->get()
 4 APPPATH\Controllers\Home.php(16): App\Models\ModelKost->data()
 5 SYSTEMPATH\CodeIgniter.php(932): App\Controllers\Home->index()
 6 SYSTEMPATH\CodeIgniter.php(497): CodeIgniter\CodeIgniter->runController(Object(App\Controllers\Home))
 7 SYSTEMPATH\CodeIgniter.php(366): CodeIgniter\CodeIgniter->handleRequest(null, Object(Config\Cache), false)
 8 FCPATH\index.php(67): CodeIgniter\CodeIgniter->run()
 9 SYSTEMPATH\Commands\Server\rewrite.php(47): require_once('C:\\Users\\US3R\\Documents\\the_kost\\public\\index.php')
INFO - 2024-05-12 12:45:03 --> Session: Class initialized using 'CodeIgniter\Session\Handlers\FileHandler' driver.
INFO - 2024-05-12 12:45:09 --> Session: Class initialized using 'CodeIgniter\Session\Handlers\FileHandler' driver.
INFO - 2024-05-12 12:45:10 --> Session: Class initialized using 'CodeIgniter\Session\Handlers\FileHandler' driver.
INFO - 2024-05-12 12:47:03 --> Session: Class initialized using 'CodeIgniter\Session\Handlers\FileHandler' driver.
INFO - 2024-05-12 12:47:04 --> Session: Class initialized using 'CodeIgniter\Session\Handlers\FileHandler' driver.
INFO - 2024-05-12 12:47:21 --> Session: Class initialized using 'CodeIgniter\Session\Handlers\FileHandler' driver.
INFO - 2024-05-12 12:47:35 --> Session: Class initialized using 'CodeIgniter\Session\Handlers\FileHandler' driver.
ERROR - 2024-05-12 12:47:35 --> mysqli_sql_exception: Unknown column 'id_user' in 'where clause' in C:\Users\US3R\Documents\the_kost\system\Database\MySQLi\Connection.php:295
Stack trace:
#0 C:\Users\US3R\Documents\the_kost\system\Database\MySQLi\Connection.php(295): mysqli->query('SELECT *\nFROM `...', 0)
#1 C:\Users\US3R\Documents\the_kost\system\Database\BaseConnection.php(692): CodeIgniter\Database\MySQLi\Connection->execute('SELECT *\nFROM `...')
#2 C:\Users\US3R\Documents\the_kost\system\Database\BaseConnection.php(606): CodeIgniter\Database\BaseConnection->simpleQuery('SELECT *\nFROM `...')
#3 C:\Users\US3R\Documents\the_kost\system\Database\BaseBuilder.php(1616): CodeIgniter\Database\BaseConnection->query('SELECT *\nFROM `...', Array, false)
#4 C:\Users\US3R\Documents\the_kost\app\Models\ModelKost.php(18): CodeIgniter\Database\BaseBuilder->get()
#5 C:\Users\US3R\Documents\the_kost\app\Controllers\Pemasaran.php(24): App\Models\ModelKost->AllData('1')
#6 C:\Users\US3R\Documents\the_kost\system\CodeIgniter.php(932): App\Controllers\Pemasaran->index()
#7 C:\Users\US3R\Documents\the_kost\system\CodeIgniter.php(497): CodeIgniter\CodeIgniter->runController(Object(App\Controllers\Pemasaran))
#8 C:\Users\US3R\Documents\the_kost\system\CodeIgniter.php(366): CodeIgniter\CodeIgniter->handleRequest(NULL, Object(Config\Cache), false)
#9 C:\Users\US3R\Documents\the_kost\public\index.php(67): CodeIgniter\CodeIgniter->run()
#10 C:\Users\US3R\Documents\the_kost\system\Commands\Server\rewrite.php(47): require_once('C:\\Users\\US3R\\D...')
#11 {main}
CRITICAL - 2024-05-12 12:47:36 --> Unknown column 'id_user' in 'where clause'
in SYSTEMPATH\Database\MySQLi\Connection.php on line 295.
 1 SYSTEMPATH\Database\MySQLi\Connection.php(295): mysqli->query('SELECT *
FROM `kost`
WHERE `id_user` = \'1\'
ORDER BY `id_kost` DESC', 0)
 2 SYSTEMPATH\Database\BaseConnection.php(692): CodeIgniter\Database\MySQLi\Connection->execute('SELECT *
FROM `kost`
WHERE `id_user` = \'1\'
ORDER BY `id_kost` DESC')
 3 SYSTEMPATH\Database\BaseConnection.php(606): CodeIgniter\Database\BaseConnection->simpleQuery('SELECT *
FROM `kost`
WHERE `id_user` = \'1\'
ORDER BY `id_kost` DESC')
 4 SYSTEMPATH\Database\BaseBuilder.php(1616): CodeIgniter\Database\BaseConnection->query('SELECT *
FROM `kost`
WHERE `id_user` = :id_user:
ORDER BY `id_kost` DESC', [...], false)
 5 APPPATH\Models\ModelKost.php(18): CodeIgniter\Database\BaseBuilder->get()
 6 APPPATH\Controllers\Pemasaran.php(24): App\Models\ModelKost->AllData('1')
 7 SYSTEMPATH\CodeIgniter.php(932): App\Controllers\Pemasaran->index()
 8 SYSTEMPATH\CodeIgniter.php(497): CodeIgniter\CodeIgniter->runController(Object(App\Controllers\Pemasaran))
 9 SYSTEMPATH\CodeIgniter.php(366): CodeIgniter\CodeIgniter->handleRequest(null, Object(Config\Cache), false)
10 FCPATH\index.php(67): CodeIgniter\CodeIgniter->run()
11 SYSTEMPATH\Commands\Server\rewrite.php(47): require_once('C:\\Users\\US3R\\Documents\\the_kost\\public\\index.php')
INFO - 2024-05-12 12:48:39 --> Session: Class initialized using 'CodeIgniter\Session\Handlers\FileHandler' driver.
INFO - 2024-05-12 12:56:49 --> Session: Class initialized using 'CodeIgniter\Session\Handlers\FileHandler' driver.
INFO - 2024-05-12 12:56:51 --> Session: Class initialized using 'CodeIgniter\Session\Handlers\FileHandler' driver.
INFO - 2024-05-12 14:11:10 --> Session: Class initialized using 'CodeIgniter\Session\Handlers\FileHandler' driver.
INFO - 2024-05-12 14:15:51 --> Session: Class initialized using 'CodeIgniter\Session\Handlers\FileHandler' driver.
ERROR - 2024-05-12 14:15:53 --> mysqli_sql_exception: Unknown column 'slug' in 'field list' in C:\Users\US3R\Documents\the_kost\system\Database\MySQLi\Connection.php:295
Stack trace:
#0 C:\Users\US3R\Documents\the_kost\system\Database\MySQLi\Connection.php(295): mysqli->query('INSERT INTO `ko...', 0)
#1 C:\Users\US3R\Documents\the_kost\system\Database\BaseConnection.php(692): CodeIgniter\Database\MySQLi\Connection->execute('INSERT INTO `ko...')
#2 C:\Users\US3R\Documents\the_kost\system\Database\BaseConnection.php(606): CodeIgniter\Database\BaseConnection->simpleQuery('INSERT INTO `ko...')
#3 C:\Users\US3R\Documents\the_kost\system\Database\BaseBuilder.php(2309): CodeIgniter\Database\BaseConnection->query('INSERT INTO `ko...', Array, false)
#4 C:\Users\US3R\Documents\the_kost\app\Models\ModelKost.php(22): CodeIgniter\Database\BaseBuilder->insert(Array)
#5 C:\Users\US3R\Documents\the_kost\app\Controllers\Pemasaran.php(98): App\Models\ModelKost->InsertData(Array)
#6 C:\Users\US3R\Documents\the_kost\system\CodeIgniter.php(932): App\Controllers\Pemasaran->Simpan()
#7 C:\Users\US3R\Documents\the_kost\system\CodeIgniter.php(497): CodeIgniter\CodeIgniter->runController(Object(App\Controllers\Pemasaran))
#8 C:\Users\US3R\Documents\the_kost\system\CodeIgniter.php(366): CodeIgniter\CodeIgniter->handleRequest(NULL, Object(Config\Cache), false)
#9 C:\Users\US3R\Documents\the_kost\public\index.php(67): CodeIgniter\CodeIgniter->run()
#10 C:\Users\US3R\Documents\the_kost\system\Commands\Server\rewrite.php(47): require_once('C:\\Users\\US3R\\D...')
#11 {main}
CRITICAL - 2024-05-12 14:15:53 --> Unknown column 'slug' in 'field list'
in SYSTEMPATH\Database\MySQLi\Connection.php on line 295.
 1 SYSTEMPATH\Database\MySQLi\Connection.php(295): mysqli->query('INSERT INTO `kost` (`nama_kost`, `slug`, `alamat_kost`, `jumlah_kamar`, `kamar_tersedia`, `harga_sewa`, `nomor_telepon`, `tipe_kost`, `lokasi`, `foto`, `deskripsi`, `id_user`) VALUES (\'Zul Kost\', \'zul-kost\', \'jlln.banteng\', \'123\', \'120\', \'20000\', \'87665587543\', \'campuran\', \'jj\', \'1715523352_82fc00caf937d2907276.jpg\', \'ruuruyyuuuuuuuuuuuuuuuuuuuuuuuuuuuuuuuuuuuuuuuuuuuuuuuyrrrrrryu\', \'1\')', 0)
 2 SYSTEMPATH\Database\BaseConnection.php(692): CodeIgniter\Database\MySQLi\Connection->execute('INSERT INTO `kost` (`nama_kost`, `slug`, `alamat_kost`, `jumlah_kamar`, `kamar_tersedia`, `harga_sewa`, `nomor_telepon`, `tipe_kost`, `lokasi`, `foto`, `deskripsi`, `id_user`) VALUES (\'Zul Kost\', \'zul-kost\', \'jlln.banteng\', \'123\', \'120\', \'20000\', \'87665587543\', \'campuran\', \'jj\', \'1715523352_82fc00caf937d2907276.jpg\', \'ruuruyyuuuuuuuuuuuuuuuuuuuuuuuuuuuuuuuuuuuuuuuuuuuuuuuyrrrrrryu\', \'1\')')
 3 SYSTEMPATH\Database\BaseConnection.php(606): CodeIgniter\Database\BaseConnection->simpleQuery('INSERT INTO `kost` (`nama_kost`, `slug`, `alamat_kost`, `jumlah_kamar`, `kamar_tersedia`, `harga_sewa`, `nomor_telepon`, `tipe_kost`, `lokasi`, `foto`, `deskripsi`, `id_user`) VALUES (\'Zul Kost\', \'zul-kost\', \'jlln.banteng\', \'123\', \'120\', \'20000\', \'87665587543\', \'campuran\', \'jj\', \'1715523352_82fc00caf937d2907276.jpg\', \'ruuruyyuuuuuuuuuuuuuuuuuuuuuuuuuuuuuuuuuuuuuuuuuuuuuuuyrrrrrryu\', \'1\')')
 4 SYSTEMPATH\Database\BaseBuilder.php(2309): CodeIgniter\Database\BaseConnection->query('INSERT INTO `kost` (`nama_kost`, `slug`, `alamat_kost`, `jumlah_kamar`, `kamar_tersedia`, `harga_sewa`, `nomor_telepon`, `tipe_kost`, `lokasi`, `foto`, `deskripsi`, `id_user`) VALUES (:nama_kost:, :slug:, :alamat_kost:, :jumlah_kamar:, :kamar_tersedia:, :harga_sewa:, :nomor_telepon:, :tipe_kost:, :lokasi:, :foto:, :deskripsi:, :id_user:)', [...], false)
 5 APPPATH\Models\ModelKost.php(22): CodeIgniter\Database\BaseBuilder->insert([...])
 6 APPPATH\Controllers\Pemasaran.php(98): App\Models\ModelKost->InsertData([...])
 7 SYSTEMPATH\CodeIgniter.php(932): App\Controllers\Pemasaran->Simpan()
 8 SYSTEMPATH\CodeIgniter.php(497): CodeIgniter\CodeIgniter->runController(Object(App\Controllers\Pemasaran))
 9 SYSTEMPATH\CodeIgniter.php(366): CodeIgniter\CodeIgniter->handleRequest(null, Object(Config\Cache), false)
10 FCPATH\index.php(67): CodeIgniter\CodeIgniter->run()
11 SYSTEMPATH\Commands\Server\rewrite.php(47): require_once('C:\\Users\\US3R\\Documents\\the_kost\\public\\index.php')
INFO - 2024-05-12 14:18:07 --> Session: Class initialized using 'CodeIgniter\Session\Handlers\FileHandler' driver.
INFO - 2024-05-12 14:18:55 --> Session: Class initialized using 'CodeIgniter\Session\Handlers\FileHandler' driver.
INFO - 2024-05-12 14:18:56 --> Session: Class initialized using 'CodeIgniter\Session\Handlers\FileHandler' driver.
INFO - 2024-05-12 14:19:06 --> Session: Class initialized using 'CodeIgniter\Session\Handlers\FileHandler' driver.
INFO - 2024-05-12 14:19:40 --> Session: Class initialized using 'CodeIgniter\Session\Handlers\FileHandler' driver.
CRITICAL - 2024-05-12 14:19:41 --> You must set the database table to be used with your query.
in SYSTEMPATH\Database\BaseConnection.php on line 883.
 1 SYSTEMPATH\Model.php(642): CodeIgniter\Database\BaseConnection->table(null)
 2 SYSTEMPATH\Model.php(828): CodeIgniter\Model->builder()
 3 APPPATH\Controllers\Pemasaran.php(159): CodeIgniter\Model->__call('getFotoById', [...])
 4 SYSTEMPATH\CodeIgniter.php(932): App\Controllers\Pemasaran->Update()
 5 SYSTEMPATH\CodeIgniter.php(497): CodeIgniter\CodeIgniter->runController(Object(App\Controllers\Pemasaran))
 6 SYSTEMPATH\CodeIgniter.php(366): CodeIgniter\CodeIgniter->handleRequest(null, Object(Config\Cache), false)
 7 FCPATH\index.php(67): CodeIgniter\CodeIgniter->run()
 8 SYSTEMPATH\Commands\Server\rewrite.php(47): require_once('C:\\Users\\US3R\\Documents\\the_kost\\public\\index.php')
